<?xml version="1.0" encoding="UTF-8"?>
<!-- Generated by org.testng.reporters.JUnitReportReporter -->
<testsuite hostname="DESKTOP-PMTC5Q2" failures="0" tests="1" name="testcase.Myfw" time="18.283" errors="0" timestamp="2022-12-17T11:22:11 EAT" skipped="0">
  <testcase classname="testcase.Myfw" name="f" time="18.283"/>
  <system-out/>
</testsuite> <!-- testcase.Myfw -->
