<?xml version="1.0" encoding="UTF-8"?>
<!-- Generated by org.testng.reporters.JUnitReportReporter -->
<testsuite hostname="DESKTOP-PMTC5Q2" failures="0" tests="1" name="testcase.Mywfw" time="16.513" errors="0" timestamp="2022-12-17T11:25:10 EAT" skipped="0">
  <testcase classname="testcase.Mywfw" name="f" time="16.513"/>
  <system-out/>
</testsuite> <!-- testcase.Mywfw -->
